0 info it worked if it ends with ok
1 verbose cli [ '/Users/Ben/.nvm/versions/node/v4.6.0/bin/node',
1 verbose cli   '/Users/Ben/.nvm/versions/node/v4.6.0/bin/npm',
1 verbose cli   'run',
1 verbose cli   'test' ]
2 info using npm@4.0.0
3 info using node@v4.6.0
4 verbose run-script [ 'pretest', 'test', 'posttest' ]
5 info lifecycle @boxed/boxed-injector@0.0.0~pretest: @boxed/boxed-injector@0.0.0
6 silly lifecycle @boxed/boxed-injector@0.0.0~pretest: no script for pretest, continuing
7 info lifecycle @boxed/boxed-injector@0.0.0~test: @boxed/boxed-injector@0.0.0
8 verbose lifecycle @boxed/boxed-injector@0.0.0~test: unsafe-perm in lifecycle true
9 verbose lifecycle @boxed/boxed-injector@0.0.0~test: PATH: /Users/Ben/.nvm/versions/node/v4.6.0/lib/node_modules/npm/bin/node-gyp-bin:/Users/Ben/Desktop/Development/boxed-injector/node_modules/.bin:/usr/local/sbin:/Users/Ben/.nvm/versions/node/v4.6.0/bin:/usr/local/bin:/usr/bin:/bin:/usr/sbin:/sbin
10 verbose lifecycle @boxed/boxed-injector@0.0.0~test: CWD: /Users/Ben/Desktop/Development/boxed-injector
11 silly lifecycle @boxed/boxed-injector@0.0.0~test: Args: [ '-c', 'gulp' ]
12 silly lifecycle @boxed/boxed-injector@0.0.0~test: Returned: code: 1  signal: null
13 info lifecycle @boxed/boxed-injector@0.0.0~test: Failed to exec test script
14 verbose stack Error: @boxed/boxed-injector@0.0.0 test: `gulp`
14 verbose stack Exit status 1
14 verbose stack     at EventEmitter.<anonymous> (/Users/Ben/.nvm/versions/node/v4.6.0/lib/node_modules/npm/lib/utils/lifecycle.js:277:16)
14 verbose stack     at emitTwo (events.js:87:13)
14 verbose stack     at EventEmitter.emit (events.js:172:7)
14 verbose stack     at ChildProcess.<anonymous> (/Users/Ben/.nvm/versions/node/v4.6.0/lib/node_modules/npm/lib/utils/spawn.js:40:14)
14 verbose stack     at emitTwo (events.js:87:13)
14 verbose stack     at ChildProcess.emit (events.js:172:7)
14 verbose stack     at maybeClose (internal/child_process.js:829:16)
14 verbose stack     at Process.ChildProcess._handle.onexit (internal/child_process.js:211:5)
15 verbose pkgid @boxed/boxed-injector@0.0.0
16 verbose cwd /Users/Ben/Desktop/Development/boxed-injector
17 error Darwin 16.0.0
18 error argv "/Users/Ben/.nvm/versions/node/v4.6.0/bin/node" "/Users/Ben/.nvm/versions/node/v4.6.0/bin/npm" "run" "test"
19 error node v4.6.0
20 error npm  v4.0.0
21 error code ELIFECYCLE
22 error @boxed/boxed-injector@0.0.0 test: `gulp`
22 error Exit status 1
23 error Failed at the @boxed/boxed-injector@0.0.0 test script 'gulp'.
23 error Make sure you have the latest version of node.js and npm installed.
23 error If you do, this is most likely a problem with the @boxed/boxed-injector package,
23 error not with npm itself.
23 error Tell the author that this fails on your system:
23 error     gulp
23 error You can get information on how to open an issue for this project with:
23 error     npm bugs @boxed/boxed-injector
23 error Or if that isn't available, you can get their info via:
23 error     npm owner ls @boxed/boxed-injector
23 error There is likely additional logging output above.
24 verbose exit [ 1, true ]
